app/build/outputs/logs/manifest-merger-debug-report.txt
-- Merging decision tree log ---
manifest
ADDED from src\main\AndroidManifest.xml:2:1-203:12
	package
		ADDED from src\main\AndroidManifest.xml:3:5-46
		INJECTED from src\main\AndroidManifest.xml
		INJECTED from src\main\AndroidManifest.xml
	android:versionName
		ADDED from src\main\AndroidManifest.xml:5:5-30
		INJECTED from src\main\AndroidManifest.xml
		INJECTED from src\main\AndroidManifest.xml
	android:versionCode
		ADDED from src\main\AndroidManifest.xml:4:5-28
		INJECTED from src\main\AndroidManifest.xml
		INJECTED from src\main\AndroidManifest.xml
	xmlns:android
		ADDED from src\main\AndroidManifest.xml:2:11-69
uses-sdk
ADDED from src\main\AndroidManifest.xml:7:5-9:41
MERGED from [com.android.support:design:23.1.1] AndroidManifest.xml:20:5-43
MERGED from [com.android.support:appcompat-v7:23.1.1] AndroidManifest.xml:20:5-43
MERGED from [com.android.support:cardview-v7:23.1.1] AndroidManifest.xml:20:5-43
MERGED from [com.android.support:recyclerview-v7:23.1.1] AndroidManifest.xml:20:5-43
MERGED from [com.google.android.gms:play-services:6.5.87] AndroidManifest.xml:18:5-42
MERGED from [com.android.support:support-v4:23.1.1] AndroidManifest.xml:20:5-43
	android:targetSdkVersion
		ADDED from src\main\AndroidManifest.xml:9:9-38
		INJECTED from src\main\AndroidManifest.xml
		INJECTED from src\main\AndroidManifest.xml
	android:minSdkVersion
		ADDED from src\main\AndroidManifest.xml:8:9-34
		INJECTED from src\main\AndroidManifest.xml
		INJECTED from src\main\AndroidManifest.xml
uses-permission#android.permission.RECEIVE_BOOT_COMPLETED
ADDED from src\main\AndroidManifest.xml:11:5-81
	android:name
		ADDED from src\main\AndroidManifest.xml:11:22-78
uses-permission#android.permission.WRITE_SETTINGS
ADDED from src\main\AndroidManifest.xml:12:5-73
	android:name
		ADDED from src\main\AndroidManifest.xml:12:22-70
uses-permission#android.permission.CHANGE_CONFIGURATION
ADDED from src\main\AndroidManifest.xml:13:5-79
	android:name
		ADDED from src\main\AndroidManifest.xml:13:22-76
uses-permission#android.permission.MODIFY_AUDIO_SETTINGS
ADDED from src\main\AndroidManifest.xml:14:5-80
	android:name
		ADDED from src\main\AndroidManifest.xml:14:22-77
uses-permission#android.permission.VIBRATE
ADDED from src\main\AndroidManifest.xml:15:5-66
	android:name
		ADDED from src\main\AndroidManifest.xml:15:22-63
uses-permission#android.permission.INTERNET
ADDED from src\main\AndroidManifest.xml:17:5-67
	android:name
		ADDED from src\main\AndroidManifest.xml:17:22-64
uses-permission#android.permission.ACCESS_NETWORK_STATE
ADDED from src\main\AndroidManifest.xml:18:5-79
	android:name
		ADDED from src\main\AndroidManifest.xml:18:22-76
uses-permission#android.permission.WRITE_EXTERNAL_STORAGE
ADDED from src\main\AndroidManifest.xml:20:5-81
	android:name
		ADDED from src\main\AndroidManifest.xml:20:22-78
uses-permission#android.permission.READ_PHONE_STATE
ADDED from src\main\AndroidManifest.xml:21:5-75
	android:name
		ADDED from src\main\AndroidManifest.xml:21:22-72
uses-permission#android.permission.READ_EXTERNAL_STORAGE
ADDED from src\main\AndroidManifest.xml:22:5-80
	android:name
		ADDED from src\main\AndroidManifest.xml:22:22-77
application
ADDED from src\main\AndroidManifest.xml:24:5-201:19
MERGED from [com.android.support:design:23.1.1] AndroidManifest.xml:22:5-20
MERGED from [com.android.support:appcompat-v7:23.1.1] AndroidManifest.xml:22:5-20
MERGED from [com.android.support:cardview-v7:23.1.1] AndroidManifest.xml:22:5-20
MERGED from [com.google.android.gms:play-services:6.5.87] AndroidManifest.xml:20:5-24:19
MERGED from [com.android.support:support-v4:23.1.1] AndroidManifest.xml:22:5-20
	android:label
		ADDED from src\main\AndroidManifest.xml:27:9-41
	android:allowBackup
		ADDED from src\main\AndroidManifest.xml:25:9-35
	android:icon
		ADDED from src\main\AndroidManifest.xml:26:9-45
	android:theme
		ADDED from src\main\AndroidManifest.xml:28:9-52
meta-data#ADMOB_ALLOW_LOCATION_FOR_ADS
ADDED from src\main\AndroidManifest.xml:31:9-33:69
	android:value
		ADDED from src\main\AndroidManifest.xml:33:13-66
	android:name
		ADDED from src\main\AndroidManifest.xml:32:13-56
activity#activity.MainActivity
ADDED from src\main\AndroidManifest.xml:35:9-43:20
	android:icon
		ADDED from src\main\AndroidManifest.xml:37:13-49
	android:name
		ADDED from src\main\AndroidManifest.xml:36:13-49
intent-filter#android.intent.action.MAIN+android.intent.category.LAUNCHER
ADDED from src\main\AndroidManifest.xml:38:13-42:29
action#android.intent.action.MAIN
ADDED from src\main\AndroidManifest.xml:39:17-69
	android:name
		ADDED from src\main\AndroidManifest.xml:39:25-66
category#android.intent.category.LAUNCHER
ADDED from src\main\AndroidManifest.xml:41:17-77
	android:name
		ADDED from src\main\AndroidManifest.xml:41:27-74
activity#activity.CourseDetails
ADDED from src\main\AndroidManifest.xml:44:9-56:20
	android:parentActivityName
		ADDED from src\main\AndroidManifest.xml:46:13-63
	android:name
		ADDED from src\main\AndroidManifest.xml:45:13-50
intent-filter#.CourseDetails+android.intent.category.DEFAULT
ADDED from src\main\AndroidManifest.xml:47:13-51:29
action#.CourseDetails
ADDED from src\main\AndroidManifest.xml:48:17-57
	android:name
		ADDED from src\main\AndroidManifest.xml:48:25-54
category#android.intent.category.DEFAULT
ADDED from src\main\AndroidManifest.xml:50:17-76
	android:name
		ADDED from src\main\AndroidManifest.xml:50:27-73
meta-data#android.support.PARENT_ACTIVITY
ADDED from src\main\AndroidManifest.xml:53:13-55:57
	android:value
		ADDED from src\main\AndroidManifest.xml:55:17-54
	android:name
		ADDED from src\main\AndroidManifest.xml:54:17-63
activity#activity.CourseEdit
ADDED from src\main\AndroidManifest.xml:57:9-65:20
	android:name
		ADDED from src\main\AndroidManifest.xml:58:13-47
intent-filter#CourseEdit+android.intent.category.DEFAULT
ADDED from src\main\AndroidManifest.xml:60:13-64:29
action#CourseEdit
ADDED from src\main\AndroidManifest.xml:61:17-53
	android:name
		ADDED from src\main\AndroidManifest.xml:61:25-50
activity#activity.FourPointGradeActivity
ADDED from src\main\AndroidManifest.xml:66:9-78:20
	android:parentActivityName
		ADDED from src\main\AndroidManifest.xml:68:13-63
	android:name
		ADDED from src\main\AndroidManifest.xml:67:13-59
intent-filter#.FourPointGradeActivity+android.intent.category.DEFAULT
ADDED from src\main\AndroidManifest.xml:69:13-73:29
action#.FourPointGradeActivity
ADDED from src\main\AndroidManifest.xml:70:17-66
	android:name
		ADDED from src\main\AndroidManifest.xml:70:25-63
activity#activity.FivePointGradeActivity
ADDED from src\main\AndroidManifest.xml:79:9-91:20
	android:parentActivityName
		ADDED from src\main\AndroidManifest.xml:81:13-63
	android:name
		ADDED from src\main\AndroidManifest.xml:80:13-59
intent-filter#.FivePointGradeActivity+android.intent.category.DEFAULT
ADDED from src\main\AndroidManifest.xml:82:13-86:29
action#.FivePointGradeActivity
ADDED from src\main\AndroidManifest.xml:83:17-66
	android:name
		ADDED from src\main\AndroidManifest.xml:83:25-63
activity#activity.SevenPointGradeActivity
ADDED from src\main\AndroidManifest.xml:92:9-104:20
	android:parentActivityName
		ADDED from src\main\AndroidManifest.xml:94:13-63
	android:name
		ADDED from src\main\AndroidManifest.xml:93:13-60
intent-filter#.SevenPointGradeActivity+android.intent.category.DEFAULT
ADDED from src\main\AndroidManifest.xml:95:13-99:29
action#.SevenPointGradeActivity
ADDED from src\main\AndroidManifest.xml:96:17-67
	android:name
		ADDED from src\main\AndroidManifest.xml:96:25-64
activity#activity.FeedbackActivity
ADDED from src\main\AndroidManifest.xml:105:9-117:20
	android:parentActivityName
		ADDED from src\main\AndroidManifest.xml:107:13-63
	android:name
		ADDED from src\main\AndroidManifest.xml:106:13-53
intent-filter#.FeedbackActivity+android.intent.category.DEFAULT
ADDED from src\main\AndroidManifest.xml:108:13-112:29
action#.FeedbackActivity
ADDED from src\main\AndroidManifest.xml:109:17-60
	android:name
		ADDED from src\main\AndroidManifest.xml:109:25-57
activity#activity.AboutActivity
ADDED from src\main\AndroidManifest.xml:118:9-130:20
	android:parentActivityName
		ADDED from src\main\AndroidManifest.xml:120:13-63
	android:name
		ADDED from src\main\AndroidManifest.xml:119:13-50
intent-filter#.AboutActivity+android.intent.category.DEFAULT
ADDED from src\main\AndroidManifest.xml:121:13-125:29
action#.AboutActivity
ADDED from src\main\AndroidManifest.xml:122:17-57
	android:name
		ADDED from src\main\AndroidManifest.xml:122:25-54
activity#activity.HelpActivity
ADDED from src\main\AndroidManifest.xml:131:9-143:20
	android:parentActivityName
		ADDED from src\main\AndroidManifest.xml:133:13-63
	android:name
		ADDED from src\main\AndroidManifest.xml:132:13-49
intent-filter#.HelpActivity+android.intent.category.DEFAULT
ADDED from src\main\AndroidManifest.xml:134:13-138:29
action#.HelpActivity
ADDED from src\main\AndroidManifest.xml:135:17-56
	android:name
		ADDED from src\main\AndroidManifest.xml:135:25-53
activity#activity.Settings
ADDED from src\main\AndroidManifest.xml:144:9-150:20
	android:name
		ADDED from src\main\AndroidManifest.xml:144:19-51
intent-filter#.SettingsActivity+android.intent.category.DEFAULT
ADDED from src\main\AndroidManifest.xml:145:13-149:29
action#.SettingsActivity
ADDED from src\main\AndroidManifest.xml:146:17-60
	android:name
		ADDED from src\main\AndroidManifest.xml:146:25-57
activity#com.google.android.gms.ads.AdActivity
ADDED from src\main\AndroidManifest.xml:153:9-156:64
	android:configChanges
		ADDED from src\main\AndroidManifest.xml:155:13-122
	android:theme
		ADDED from src\main\AndroidManifest.xml:156:13-61
	android:name
		ADDED from src\main\AndroidManifest.xml:154:13-65
service#alarm.DeviceBootAlarmService
ADDED from src\main\AndroidManifest.xml:159:9-161:40
	android:exported
		ADDED from src\main\AndroidManifest.xml:161:13-37
	android:name
		ADDED from src\main\AndroidManifest.xml:160:13-56
service#alarm.NotificationService
ADDED from src\main\AndroidManifest.xml:163:9-165:40
	android:exported
		ADDED from src\main\AndroidManifest.xml:165:13-37
	android:name
		ADDED from src\main\AndroidManifest.xml:164:13-53
service#alarm.ModificationService
ADDED from src\main\AndroidManifest.xml:166:9-168:40
	android:exported
		ADDED from src\main\AndroidManifest.xml:168:13-37
	android:name
		ADDED from src\main\AndroidManifest.xml:167:13-53
service#alarm.SecondModificationService
ADDED from src\main\AndroidManifest.xml:169:9-171:40
	android:exported
		ADDED from src\main\AndroidManifest.xml:171:13-37
	android:name
		ADDED from src\main\AndroidManifest.xml:170:13-59
service#mute.DeviceBootMuteService
ADDED from src\main\AndroidManifest.xml:172:9-174:40
	android:exported
		ADDED from src\main\AndroidManifest.xml:174:13-37
	android:name
		ADDED from src\main\AndroidManifest.xml:173:13-54
receiver#alarm.AlarmReceiver
ADDED from src\main\AndroidManifest.xml:177:9-179:38
	android:enabled
		ADDED from src\main\AndroidManifest.xml:179:13-35
	android:name
		ADDED from src\main\AndroidManifest.xml:178:13-47
receiver#alarm.DeviceBootAlarmReceiver
ADDED from src\main\AndroidManifest.xml:180:9-186:20
	android:enabled
		ADDED from src\main\AndroidManifest.xml:182:13-35
	android:name
		ADDED from src\main\AndroidManifest.xml:181:13-57
intent-filter#android.intent.action.BOOT_COMPLETED
ADDED from src\main\AndroidManifest.xml:183:13-185:29
action#android.intent.action.BOOT_COMPLETED
ADDED from src\main\AndroidManifest.xml:184:17-79
	android:name
		ADDED from src\main\AndroidManifest.xml:184:25-76
receiver#mute.MuteDeviceReceiver
ADDED from src\main\AndroidManifest.xml:187:9-189:38
	android:enabled
		ADDED from src\main\AndroidManifest.xml:189:13-35
	android:name
		ADDED from src\main\AndroidManifest.xml:188:13-51
receiver#mute.UnmuteDeviceReceiver
ADDED from src\main\AndroidManifest.xml:190:9-192:38
	android:enabled
		ADDED from src\main\AndroidManifest.xml:192:13-35
	android:name
		ADDED from src\main\AndroidManifest.xml:191:13-53
receiver#mute.DeviceBootMuteReceiver
ADDED from src\main\AndroidManifest.xml:193:9-199:20
	android:enabled
		ADDED from src\main\AndroidManifest.xml:195:13-35
	android:name
		ADDED from src\main\AndroidManifest.xml:194:13-55
meta-data#com.google.android.gms.version
ADDED from [com.google.android.gms:play-services:6.5.87] AndroidManifest.xml:21:9-23:69
	android:value
		ADDED from [com.google.android.gms:play-services:6.5.87] AndroidManifest.xml:23:13-66
	android:name
		ADDED from [com.google.android.gms:play-services:6.5.87] AndroidManifest.xml:22:13-58